{
  "errorLabelSet": {},
  "errorResponse": {
    "message": "E11000 duplicate key error collection: cause-student-planner.studygroups index: inviteCode_1 dup key: { inviteCode: null }",
    "code": 11000,
    "writeErrors": [
      {
        "err": {
          "index": 1,
          "code": 11000,
          "errmsg": "E11000 duplicate key error collection: cause-student-planner.studygroups index: inviteCode_1 dup key: { inviteCode: null }"
        },
        "index": 1
      }
    ]
  },
  "code": 11000,
  "writeErrors": [
    {
      "err": {
        "index": 1,
        "code": 11000,
        "errmsg": "E11000 duplicate key error collection: cause-student-planner.studygroups index: inviteCode_1 dup key: { inviteCode: null }"
      },
      "index": 1
    }
  ],
  "result": {
    "insertedCount": 1,
    "matchedCount": 0,
    "modifiedCount": 0,
    "deletedCount": 0,
    "upsertedCount": 0,
    "upsertedIds": {},
    "insertedIds": {
      "0": "1mzmRumWqqpeZ3t7bdnl"
    }
  },
  "insertedDocs": [
    {
      "_id": "1mzmRumWqqpeZ3t7bdnl",
      "name": "Gloucester",
      "className": "Really",
      "school": "California",
      "description": "Eeabbs",
      "code": "S2X44V34",
      "creatorId": "97PoWnLF70TKSiHxitFFumLRJg13",
      "members": [
        {
          "email": "emmaeluwa2021@gmail.com",
          "name": "",
          "joinedAt": "2025-12-12T12:28:38.600Z"
        },
        {
          "email": "emmanueleluwa39@gmail.com",
          "name": "",
          "joinedAt": "2025-12-12T12:29:45.811Z"
        }
      ],
      "admins": [
        "97PoWnLF70TKSiHxitFFumLRJg13"
      ],
      "isPrivate": false,
      "createdAt": "2025-12-12T12:28:38.000Z",
      "pendingMembers": [],
      "__v": 0
    }
  ]
}